#
# There is insufficient memory for the Java Runtime Environment to continue.
# Native memory allocation (mmap) failed to map 306708480 bytes for committing reserved memory.
# Possible reasons:
#   The system is out of physical RAM or swap space
#   The process is running with CompressedOops enabled, and the Java Heap may be blocking the growth of the native heap
# Possible solutions:
#   Reduce memory load on the system
#   Increase physical memory or swap space
#   Check if swap backing store is full
#   Decrease Java heap size (-Xmx/-Xms)
#   Decrease number of Java threads
#   Decrease Java thread stack sizes (-Xss)
#   Set larger code cache with -XX:ReservedCodeCacheSize=
#   JVM is running with Zero Based Compressed Oops mode in which the Java heap is
#     placed in the first 32GB address space. The Java Heap base address is the
#     maximum limit for the native heap growth. Please use -XX:HeapBaseMinAddress
#     to set the Java Heap base and to place the Java Heap above 32GB virtual address.
# This output file may be truncated or incomplete.
#
#  Out of Memory Error (os_linux.cpp:2749), pid=16487, tid=0x00007f416916b700
#
# JRE version: Java(TM) SE Runtime Environment (8.0_251-b08) (build 1.8.0_251-b08)
# Java VM: Java HotSpot(TM) 64-Bit Server VM (25.251-b08 mixed mode linux-amd64 compressed oops)
# Failed to write core dump. Core dumps have been disabled. To enable core dumping, try "ulimit -c unlimited" before starting Java again
#

---------------  T H R E A D  ---------------

Current thread (0x00007f418007c800):  VMThread [stack: 0x00007f416906c000,0x00007f416916c000] [id=16502]

Stack: [0x00007f416906c000,0x00007f416916c000],  sp=0x00007f416916a3f0,  free space=1016k
Native frames: (J=compiled Java code, j=interpreted, Vv=VM code, C=native code)
V  [libjvm.so+0xad9dc5]  VMError::report_and_die()+0x2e5
V  [libjvm.so+0x4e1d67]  report_vm_out_of_memory(char const*, int, unsigned long, VMErrorType, char const*)+0x67
V  [libjvm.so+0x912cb0]  os::pd_commit_memory(char*, unsigned long, unsigned long, bool)+0x100
V  [libjvm.so+0x90a2df]  os::commit_memory(char*, unsigned long, unsigned long, bool)+0x1f
V  [libjvm.so+0x98f0e6]  PSVirtualSpace::expand_by(unsigned long)+0x56
V  [libjvm.so+0x990378]  PSYoungGen::resize(unsigned long, unsigned long)+0xd8
V  [libjvm.so+0x98cb16]  PSScavenge::invoke_no_policy()+0x1376
V  [libjvm.so+0x98ceac]  PSScavenge::invoke()+0x4c
V  [libjvm.so+0x93cbf8]  ParallelScavengeHeap::failed_mem_allocate(unsigned long)+0x68
V  [libjvm.so+0xadb913]  VM_ParallelGCFailedAllocation::doit()+0x93
V  [libjvm.so+0xae0b66]  VM_Operation::evaluate()+0x46
V  [libjvm.so+0xadee9d]  VMThread::evaluate_operation(VM_Operation*) [clone .constprop.44]+0xcd
V  [libjvm.so+0xadf483]  VMThread::loop()+0x3a3
V  [libjvm.so+0xadf858]  VMThread::run()+0x78
V  [libjvm.so+0x9102e2]  java_start(Thread*)+0x102

VM_Operation (0x00007f41887687e0): ParallelGCFailedAllocation, mode: safepoint, requested by thread 0x00007f418000e800


---------------  P R O C E S S  ---------------

Java Threads: ( => current thread )
  0x00007f41800d7000 JavaThread "Service Thread" daemon [_thread_blocked, id=16523, stack(0x00007f416845c000,0x00007f416855d000)]
  0x00007f41800d3000 JavaThread "C1 CompilerThread2" daemon [_thread_blocked, id=16522, stack(0x00007f416855e000,0x00007f416865e000)]
  0x00007f41800d1800 JavaThread "C2 CompilerThread1" daemon [_thread_blocked, id=16521, stack(0x00007f416865f000,0x00007f416875f000)]
  0x00007f41800ce800 JavaThread "C2 CompilerThread0" daemon [_thread_blocked, id=16520, stack(0x00007f4168760000,0x00007f4168860000)]
  0x00007f4148001000 JavaThread "JDWP Command Reader" daemon [_thread_in_native, id=16519, stack(0x00007f4168860000,0x00007f4168961000)]
  0x00007f41800cc000 JavaThread "JDWP Event Helper Thread" daemon [_thread_blocked, id=16518, stack(0x00007f4168961000,0x00007f4168a62000)]
  0x00007f41800c8800 JavaThread "JDWP Transport Listener: dt_socket" daemon [_thread_blocked, id=16516, stack(0x00007f4168a62000,0x00007f4168b63000)]
  0x00007f41800ba800 JavaThread "Signal Dispatcher" daemon [_thread_blocked, id=16513, stack(0x00007f4168d68000,0x00007f4168e69000)]
  0x00007f418008a800 JavaThread "Finalizer" daemon [_thread_blocked, id=16507, stack(0x00007f4168e69000,0x00007f4168f6a000)]
  0x00007f4180086000 JavaThread "Reference Handler" daemon [_thread_blocked, id=16505, stack(0x00007f4168f6a000,0x00007f416906b000)]
  0x00007f418000e800 JavaThread "main" [_thread_blocked, id=16490, stack(0x00007f418866a000,0x00007f418876a000)]

Other Threads:
=>0x00007f418007c800 VMThread [stack: 0x00007f416906c000,0x00007f416916c000] [id=16502]
  0x00007f41800db800 WatcherThread [stack: 0x00007f416835c000,0x00007f416845c000] [id=16524]

VM state:at safepoint (normal execution)

VM Mutex/Monitor currently owned by a thread:  ([mutex/lock_event])
[0x00007f418000a7e0] Threads_lock - owner thread: 0x00007f418007c800
[0x00007f418000ace0] Heap_lock - owner thread: 0x00007f418000e800

heap address: 0x0000000706400000, size: 2972 MB, Compressed Oops mode: Zero based, Oop shift amount: 3
Narrow klass base: 0x0000000000000000, Narrow klass shift: 3
Compressed class space size: 1073741824 Address: 0x00000007c0000000

Heap:
 PSYoungGen      total 362496K, used 176128K [0x0000000782180000, 0x00000007a3e00000, 0x00000007c0000000)
  eden space 186368K, 0% used [0x0000000782180000,0x0000000782180000,0x000000078d780000)
  from space 176128K, 100% used [0x000000078d780000,0x0000000798380000,0x0000000798380000)
  to   space 155648K, 0% used [0x0000000798380000,0x0000000798380000,0x00000007a1b80000)
 ParOldGen       total 798720K, used 573703K [0x0000000706400000, 0x0000000737000000, 0x0000000782180000)
  object space 798720K, 71% used [0x0000000706400000,0x0000000729441ca0,0x0000000737000000)
 Metaspace       used 2717K, capacity 4490K, committed 4864K, reserved 1056768K
  class space    used 289K, capacity 386K, committed 512K, reserved 1048576K

Card table byte_map: [0x00007f4184651000,0x00007f4184c20000] byte_map_base: 0x00007f4180e1f000

Marking Bits: (ParMarkBitMap*) 0x00007f4187b12fe0
 Begin Bits: [0x00007f416b11e000, 0x00007f416df8e000)
 End Bits:   [0x00007f416df8e000, 0x00007f4170dfe000)

Polling page: 0x00007f4188782000

CodeCache: size=245760Kb used=1136Kb max_used=1148Kb free=244623Kb
 bounds [0x00007f4171000000, 0x00007f4171270000, 0x00007f4180000000]
 total_blobs=270 nmethods=45 adapters=147
 compilation: enabled

Compilation events (10 events):
Event: 0.574 Thread 0x00007f41800ce800   41       4       LearnTrees.BinarySeachTree$Node::<init> (15 bytes)
Event: 0.575 Thread 0x00007f41800ce800 nmethod 41 0x00007f41711146d0 code [0x00007f4171114820, 0x00007f4171114898]
Event: 0.575 Thread 0x00007f41800d3000   42       1       LearnTrees.BinarySeachTree$Node::access$202 (7 bytes)
Event: 0.575 Thread 0x00007f41800d3000 nmethod 42 0x00007f417111c750 code [0x00007f417111c8a0, 0x00007f417111c9b0]
Event: 0.630 Thread 0x00007f41800d3000   43 %     3       LearnTrees.BinarySeachTree::insert @ 26 (92 bytes)
Event: 0.631 Thread 0x00007f41800d3000 nmethod 43% 0x00007f417111b950 code [0x00007f417111bb20, 0x00007f417111c390]
Event: 0.640 Thread 0x00007f41800d3000   44       3       LearnTrees.BinarySeachTree::insert (92 bytes)
Event: 0.641 Thread 0x00007f41800d3000 nmethod 44 0x00007f417111ab90 code [0x00007f417111ad60, 0x00007f417111b590]
Event: 0.651 Thread 0x00007f41800d1800   45 %     4       LearnTrees.BinarySeachTree::insert @ 26 (92 bytes)
Event: 0.654 Thread 0x00007f41800d1800 nmethod 45% 0x00007f417111a650 code [0x00007f417111a7c0, 0x00007f417111a9d8]

GC Heap History (10 events):
Event: 12.761 GC heap after
Heap after GC invocations=5 (full 2):
 PSYoungGen      total 103936K, used 0K [0x0000000782180000, 0x000000078bc00000, 0x00000007c0000000)
  eden space 96256K, 0% used [0x0000000782180000,0x0000000782180000,0x0000000787f80000)
  from space 7680K, 0% used [0x0000000787f80000,0x0000000787f80000,0x0000000788700000)
  to   space 7680K, 0% used [0x000000078b480000,0x000000078b480000,0x000000078bc00000)
 ParOldGen       total 433664K, used 188409K [0x0000000706400000, 0x0000000720b80000, 0x0000000782180000)
  object space 433664K, 43% used [0x0000000706400000,0x0000000711bfe710,0x0000000720b80000)
 Metaspace       used 2717K, capacity 4490K, committed 4864K, reserved 1056768K
  class space    used 289K, capacity 386K, committed 512K, reserved 1048576K
}
Event: 12.794 GC heap before
{Heap before GC invocations=6 (full 2):
 PSYoungGen      total 103936K, used 96256K [0x0000000782180000, 0x000000078bc00000, 0x00000007c0000000)
  eden space 96256K, 100% used [0x0000000782180000,0x0000000787f80000,0x0000000787f80000)
  from space 7680K, 0% used [0x0000000787f80000,0x0000000787f80000,0x0000000788700000)
  to   space 7680K, 0% used [0x000000078b480000,0x000000078b480000,0x000000078bc00000)
 ParOldGen       total 433664K, used 188409K [0x0000000706400000, 0x0000000720b80000, 0x0000000782180000)
  object space 433664K, 43% used [0x0000000706400000,0x0000000711bfe710,0x0000000720b80000)
 Metaspace       used 2717K, capacity 4490K, committed 4864K, reserved 1056768K
  class space    used 289K, capacity 386K, committed 512K, reserved 1048576K
Event: 13.772 GC heap after
Heap after GC invocations=6 (full 2):
 PSYoungGen      total 142848K, used 7680K [0x0000000782180000, 0x000000078bc00000, 0x00000007c0000000)
  eden space 135168K, 0% used [0x0000000782180000,0x0000000782180000,0x000000078a580000)
  from space 7680K, 100% used [0x000000078b480000,0x000000078bc00000,0x000000078bc00000)
  to   space 7680K, 0% used [0x000000078ad00000,0x000000078ad00000,0x000000078b480000)
 ParOldGen       total 433664K, used 277361K [0x0000000706400000, 0x0000000720b80000, 0x0000000782180000)
  object space 433664K, 63% used [0x0000000706400000,0x00000007172dc710,0x0000000720b80000)
 Metaspace       used 2717K, capacity 4490K, committed 4864K, reserved 1056768K
  class space    used 289K, capacity 386K, committed 512K, reserved 1048576K
}
Event: 13.907 GC heap before
{Heap before GC invocations=7 (full 2):
 PSYoungGen      total 142848K, used 142848K [0x0000000782180000, 0x000000078bc00000, 0x00000007c0000000)
  eden space 135168K, 100% used [0x0000000782180000,0x000000078a580000,0x000000078a580000)
  from space 7680K, 100% used [0x000000078b480000,0x000000078bc00000,0x000000078bc00000)
  to   space 7680K, 0% used [0x000000078ad00000,0x000000078ad00000,0x000000078b480000)
 ParOldGen       total 433664K, used 277361K [0x0000000706400000, 0x0000000720b80000, 0x0000000782180000)
  object space 433664K, 63% used [0x0000000706400000,0x00000007172dc710,0x0000000720b80000)
 Metaspace       used 2717K, capacity 4490K, committed 4864K, reserved 1056768K
  class space    used 289K, capacity 386K, committed 512K, reserved 1048576K
Event: 15.236 GC heap after
Heap after GC invocations=7 (full 2):
 PSYoungGen      total 150528K, used 7680K [0x0000000782180000, 0x00000007a1b80000, 0x00000007c0000000)
  eden space 142848K, 0% used [0x0000000782180000,0x0000000782180000,0x000000078ad00000)
  from space 7680K, 100% used [0x000000078ad00000,0x000000078b480000,0x000000078b480000)
  to   space 155648K, 0% used [0x0000000798380000,0x0000000798380000,0x00000007a1b80000)
 ParOldGen       total 433664K, used 413073K [0x0000000706400000, 0x0000000720b80000, 0x0000000782180000)
  object space 433664K, 95% used [0x0000000706400000,0x000000071f764710,0x0000000720b80000)
 Metaspace       used 2717K, capacity 4490K, committed 4864K, reserved 1056768K
  class space    used 289K, capacity 386K, committed 512K, reserved 1048576K
}
Event: 15.236 GC heap before
{Heap before GC invocations=8 (full 3):
 PSYoungGen      total 150528K, used 7680K [0x0000000782180000, 0x00000007a1b80000, 0x00000007c0000000)
  eden space 142848K, 0% used [0x0000000782180000,0x0000000782180000,0x000000078ad00000)
  from space 7680K, 100% used [0x000000078ad00000,0x000000078b480000,0x000000078b480000)
  to   space 155648K, 0% used [0x0000000798380000,0x0000000798380000,0x00000007a1b80000)
 ParOldGen       total 433664K, used 413073K [0x0000000706400000, 0x0000000720b80000, 0x0000000782180000)
  object space 433664K, 95% used [0x0000000706400000,0x000000071f764710,0x0000000720b80000)
 Metaspace       used 2717K, capacity 4490K, committed 4864K, reserved 1056768K
  class space    used 289K, capacity 386K, committed 512K, reserved 1048576K
Event: 40.414 GC heap after
Heap after GC invocations=8 (full 3):
 PSYoungGen      total 150528K, used 0K [0x0000000782180000, 0x00000007a1b80000, 0x00000007c0000000)
  eden space 142848K, 0% used [0x0000000782180000,0x0000000782180000,0x000000078ad00000)
  from space 7680K, 0% used [0x000000078ad00000,0x000000078ad00000,0x000000078b480000)
  to   space 155648K, 0% used [0x0000000798380000,0x0000000798380000,0x00000007a1b80000)
 ParOldGen       total 798720K, used 419831K [0x0000000706400000, 0x0000000737000000, 0x0000000782180000)
  object space 798720K, 52% used [0x0000000706400000,0x000000071fdfdca0,0x0000000737000000)
 Metaspace       used 2717K, capacity 4490K, committed 4864K, reserved 1056768K
  class space    used 289K, capacity 386K, committed 512K, reserved 1048576K
}
Event: 40.537 GC heap before
{Heap before GC invocations=9 (full 3):
 PSYoungGen      total 150528K, used 142848K [0x0000000782180000, 0x00000007a1b80000, 0x00000007c0000000)
  eden space 142848K, 100% used [0x0000000782180000,0x000000078ad00000,0x000000078ad00000)
  from space 7680K, 0% used [0x000000078ad00000,0x000000078ad00000,0x000000078b480000)
  to   space 155648K, 0% used [0x0000000798380000,0x0000000798380000,0x00000007a1b80000)
 ParOldGen       total 798720K, used 419831K [0x0000000706400000, 0x0000000737000000, 0x0000000782180000)
  object space 798720K, 52% used [0x0000000706400000,0x000000071fdfdca0,0x0000000737000000)
 Metaspace       used 2717K, capacity 4490K, committed 4864K, reserved 1056768K
  class space    used 289K, capacity 386K, committed 512K, reserved 1048576K
Event: 41.952 GC heap after
Heap after GC invocations=9 (full 3):
 PSYoungGen      total 342016K, used 143072K [0x0000000782180000, 0x00000007a3e00000, 0x00000007c0000000)
  eden space 186368K, 0% used [0x0000000782180000,0x0000000782180000,0x000000078d780000)
  from space 155648K, 91% used [0x0000000798380000,0x00000007a0f38000,0x00000007a1b80000)
  to   space 176128K, 0% used [0x000000078d780000,0x000000078d780000,0x0000000798380000)
 ParOldGen       total 798720K, used 419831K [0x0000000706400000, 0x0000000737000000, 0x0000000782180000)
  object space 798720K, 52% used [0x0000000706400000,0x000000071fdfdca0,0x0000000737000000)
 Metaspace       used 2717K, capacity 4490K, committed 4864K, reserved 1056768K
  class space    used 289K, capacity 386K, committed 512K, reserved 1048576K
}
Event: 42.090 GC heap before
{Heap before GC invocations=10 (full 3):
 PSYoungGen      total 342016K, used 329440K [0x0000000782180000, 0x00000007a3e00000, 0x00000007c0000000)
  eden space 186368K, 100% used [0x0000000782180000,0x000000078d780000,0x000000078d780000)
  from space 155648K, 91% used [0x0000000798380000,0x00000007a0f38000,0x00000007a1b80000)
  to   space 176128K, 0% used [0x000000078d780000,0x000000078d780000,0x0000000798380000)
 ParOldGen       total 798720K, used 419831K [0x0000000706400000, 0x0000000737000000, 0x0000000782180000)
  object space 798720K, 52% used [0x0000000706400000,0x000000071fdfdca0,0x0000000737000000)
 Metaspace       used 2717K, capacity 4490K, committed 4864K, reserved 1056768K
  class space    used 289K, capacity 386K, committed 512K, reserved 1048576K

Deoptimization events (0 events):
No events

Classes redefined (0 events):
No events

Internal exceptions (2 events):
Event: 0.103 Thread 0x00007f418000e800 Exception <a 'java/lang/NoSuchMethodError': Method sun.misc.Unsafe.defineClass(Ljava/lang/String;[BII)Ljava/lang/Class; name or signature does not match> (0x0000000782187cc0) thrown at [/scratch/jenkins/workspace/8-2-build-linux-amd64/jdk8u251/737/hotspot
Event: 0.103 Thread 0x00007f418000e800 Exception <a 'java/lang/NoSuchMethodError': Method sun.misc.Unsafe.prefetchRead(Ljava/lang/Object;J)V name or signature does not match> (0x0000000782187fa8) thrown at [/scratch/jenkins/workspace/8-2-build-linux-amd64/jdk8u251/737/hotspot/src/share/vm/prim

Events (10 events):
Event: 6.516 Executing VM operation: ParallelGCFailedAllocation done
Event: 6.612 Executing VM operation: ParallelGCFailedAllocation
Event: 12.761 Executing VM operation: ParallelGCFailedAllocation done
Event: 12.794 Executing VM operation: ParallelGCFailedAllocation
Event: 13.772 Executing VM operation: ParallelGCFailedAllocation done
Event: 13.907 Executing VM operation: ParallelGCFailedAllocation
Event: 40.414 Executing VM operation: ParallelGCFailedAllocation done
Event: 40.536 Executing VM operation: ParallelGCFailedAllocation
Event: 41.952 Executing VM operation: ParallelGCFailedAllocation done
Event: 42.090 Executing VM operation: ParallelGCFailedAllocation


Dynamic libraries:
706400000-737000000 rw-p 00000000 00:00 0 
737000000-782180000 ---p 00000000 00:00 0 
782180000-7a3e00000 rw-p 00000000 00:00 0 
7b6280000-7c0000000 ---p 00000000 00:00 0 
7c0000000-7c0080000 rw-p 00000000 00:00 0 
7c0080000-800000000 ---p 00000000 00:00 0 
5618075c3000-5618075c4000 r-xp 00000000 08:01 22548162                   /home/smit/Downloads/jdk/bin/java
5618077c3000-5618077c4000 r--p 00000000 08:01 22548162                   /home/smit/Downloads/jdk/bin/java
5618077c4000-5618077c5000 rw-p 00001000 08:01 22548162                   /home/smit/Downloads/jdk/bin/java
5618088aa000-5618088cb000 rw-p 00000000 00:00 0                          [heap]
7f4124000000-7f4124021000 rw-p 00000000 00:00 0 
7f4124021000-7f4128000000 ---p 00000000 00:00 0 
7f412c000000-7f412c037000 rw-p 00000000 00:00 0 
7f412c037000-7f4130000000 ---p 00000000 00:00 0 
7f4130000000-7f4130021000 rw-p 00000000 00:00 0 
7f4130021000-7f4134000000 ---p 00000000 00:00 0 
7f4134000000-7f4134056000 rw-p 00000000 00:00 0 
7f4134056000-7f4138000000 ---p 00000000 00:00 0 
7f4138000000-7f4138021000 rw-p 00000000 00:00 0 
7f4138021000-7f413c000000 ---p 00000000 00:00 0 
7f413c000000-7f413c021000 rw-p 00000000 00:00 0 
7f413c021000-7f4140000000 ---p 00000000 00:00 0 
7f4140000000-7f4140021000 rw-p 00000000 00:00 0 
7f4140021000-7f4144000000 ---p 00000000 00:00 0 
7f4144000000-7f4144021000 rw-p 00000000 00:00 0 
7f4144021000-7f4148000000 ---p 00000000 00:00 0 
7f4148000000-7f4148021000 rw-p 00000000 00:00 0 
7f4148021000-7f414c000000 ---p 00000000 00:00 0 
7f414c000000-7f414c021000 rw-p 00000000 00:00 0 
7f414c021000-7f4150000000 ---p 00000000 00:00 0 
7f4150000000-7f4150021000 rw-p 00000000 00:00 0 
7f4150021000-7f4154000000 ---p 00000000 00:00 0 
7f4154000000-7f4154021000 rw-p 00000000 00:00 0 
7f4154021000-7f4158000000 ---p 00000000 00:00 0 
7f4158000000-7f4158021000 rw-p 00000000 00:00 0 
7f4158021000-7f415c000000 ---p 00000000 00:00 0 
7f415c000000-7f415c021000 rw-p 00000000 00:00 0 
7f415c021000-7f4160000000 ---p 00000000 00:00 0 
7f4160000000-7f4160021000 rw-p 00000000 00:00 0 
7f4160021000-7f4164000000 ---p 00000000 00:00 0 
7f4164000000-7f4164021000 rw-p 00000000 00:00 0 
7f4164021000-7f4168000000 ---p 00000000 00:00 0 
7f4168091000-7f4168326000 rw-p 00000000 00:00 0 
7f4168326000-7f4168339000 r--s 0034b000 08:01 22548258                   /home/smit/Downloads/jdk/jre/lib/resources.jar
7f4168339000-7f416834c000 r--s 000d6000 08:01 22548225                   /home/smit/Downloads/jdk/jre/lib/plugin.jar
7f416834c000-7f4168351000 r--s 000a8000 08:01 22548293                   /home/smit/Downloads/jdk/jre/lib/jsse.jar
7f4168351000-7f416835b000 r--s 0006e000 08:01 22548179                   /home/smit/Downloads/jdk/jre/lib/javaws.jar
7f416835b000-7f416835c000 ---p 00000000 00:00 0 
7f416835c000-7f416845c000 rw-p 00000000 00:00 0 
7f416845c000-7f416845f000 ---p 00000000 00:00 0 
7f416845f000-7f416855d000 rw-p 00000000 00:00 0 
7f416855d000-7f416855e000 ---p 00000000 00:00 0 
7f416855e000-7f4168561000 ---p 00000000 00:00 0 
7f4168561000-7f416865e000 rw-p 00000000 00:00 0 
7f416865e000-7f416865f000 ---p 00000000 00:00 0 
7f416865f000-7f4168662000 ---p 00000000 00:00 0 
7f4168662000-7f416875f000 rw-p 00000000 00:00 0 
7f416875f000-7f4168760000 ---p 00000000 00:00 0 
7f4168760000-7f4168763000 ---p 00000000 00:00 0 
7f4168763000-7f4168860000 rw-p 00000000 00:00 0 
7f4168860000-7f4168863000 ---p 00000000 00:00 0 
7f4168863000-7f4168961000 rw-p 00000000 00:00 0 
7f4168961000-7f4168964000 ---p 00000000 00:00 0 
7f4168964000-7f4168a62000 rw-p 00000000 00:00 0 
7f4168a62000-7f4168a65000 ---p 00000000 00:00 0 
7f4168a65000-7f4168b63000 rw-p 00000000 00:00 0 
7f4168b63000-7f4168b67000 r-xp 00000000 08:01 22548318                   /home/smit/Downloads/jdk/jre/lib/amd64/libdt_socket.so
7f4168b67000-7f4168d66000 ---p 00004000 08:01 22548318                   /home/smit/Downloads/jdk/jre/lib/amd64/libdt_socket.so
7f4168d66000-7f4168d67000 r--p 00003000 08:01 22548318                   /home/smit/Downloads/jdk/jre/lib/amd64/libdt_socket.so
7f4168d67000-7f4168d68000 rw-p 00004000 08:01 22548318                   /home/smit/Downloads/jdk/jre/lib/amd64/libdt_socket.so
7f4168d68000-7f4168d6b000 ---p 00000000 00:00 0 
7f4168d6b000-7f4168e69000 rw-p 00000000 00:00 0 
7f4168e69000-7f4168e6c000 ---p 00000000 00:00 0 
7f4168e6c000-7f4168f6a000 rw-p 00000000 00:00 0 
7f4168f6a000-7f4168f6d000 ---p 00000000 00:00 0 
7f4168f6d000-7f416906b000 rw-p 00000000 00:00 0 
7f416906b000-7f416906c000 ---p 00000000 00:00 0 
7f416906c000-7f416a0ff000 rw-p 00000000 00:00 0 
7f416a0ff000-7f416a2da000 r--s 03dbf000 08:01 22548239                   /home/smit/Downloads/jdk/jre/lib/rt.jar
7f416a2da000-7f416a790000 rw-p 00000000 00:00 0 
7f416a790000-7f416ab50000 ---p 00000000 00:00 0 
7f416ab50000-7f4170dfe000 rw-p 00000000 00:00 0 
7f4170dfe000-7f4170dff000 ---p 00000000 00:00 0 
7f4170dff000-7f4170eff000 rw-p 00000000 00:00 0 
7f4170eff000-7f4170f00000 ---p 00000000 00:00 0 
7f4170f00000-7f4171000000 rw-p 00000000 00:00 0 
7f4171000000-7f4171270000 rwxp 00000000 00:00 0 
7f4171270000-7f4180000000 ---p 00000000 00:00 0 
7f4180000000-7f418013c000 rw-p 00000000 00:00 0 
7f418013c000-7f4184000000 ---p 00000000 00:00 0 
7f4184004000-7f4184020000 r--s 0020c000 08:01 22548238                   /home/smit/Downloads/jdk/jre/lib/deploy.jar
7f4184020000-7f4184070000 rw-p 00000000 00:00 0 
7f4184070000-7f4184071000 ---p 00000000 00:00 0 
7f4184071000-7f4184171000 rw-p 00000000 00:00 0 
7f4184171000-7f4184172000 ---p 00000000 00:00 0 
7f4184172000-7f41843f8000 rw-p 00000000 00:00 0 
7f41843f8000-7f4184651000 ---p 00000000 00:00 0 
7f4184651000-7f41847d7000 rw-p 00000000 00:00 0 
7f41847d7000-7f4184a2f000 ---p 00000000 00:00 0 
7f4184a2f000-7f4184b3e000 rw-p 00000000 00:00 0 
7f4184b3e000-7f4184c1f000 ---p 00000000 00:00 0 
7f4184c1f000-7f4184c2a000 rw-p 00000000 00:00 0 
7f4184c2a000-7f4184fe0000 ---p 00000000 00:00 0 
7f4184fe0000-7f4184ffb000 r-xp 00000000 08:01 22548317                   /home/smit/Downloads/jdk/jre/lib/amd64/libzip.so
7f4184ffb000-7f41851fa000 ---p 0001b000 08:01 22548317                   /home/smit/Downloads/jdk/jre/lib/amd64/libzip.so
7f41851fa000-7f41851fb000 r--p 0001a000 08:01 22548317                   /home/smit/Downloads/jdk/jre/lib/amd64/libzip.so
7f41851fb000-7f41851fc000 rw-p 0001b000 08:01 22548317                   /home/smit/Downloads/jdk/jre/lib/amd64/libzip.so
7f41851fc000-7f4185207000 r-xp 00000000 08:01 26612494                   /lib/x86_64-linux-gnu/libnss_files-2.27.so
7f4185207000-7f4185406000 ---p 0000b000 08:01 26612494                   /lib/x86_64-linux-gnu/libnss_files-2.27.so
7f4185406000-7f4185407000 r--p 0000a000 08:01 26612494                   /lib/x86_64-linux-gnu/libnss_files-2.27.so
7f4185407000-7f4185408000 rw-p 0000b000 08:01 26612494                   /lib/x86_64-linux-gnu/libnss_files-2.27.so
7f4185408000-7f418540e000 rw-p 00000000 00:00 0 
7f418540e000-7f4185425000 r-xp 00000000 08:01 26612491                   /lib/x86_64-linux-gnu/libnsl-2.27.so
7f4185425000-7f4185624000 ---p 00017000 08:01 26612491                   /lib/x86_64-linux-gnu/libnsl-2.27.so
7f4185624000-7f4185625000 r--p 00016000 08:01 26612491                   /lib/x86_64-linux-gnu/libnsl-2.27.so
7f4185625000-7f4185626000 rw-p 00017000 08:01 26612491                   /lib/x86_64-linux-gnu/libnsl-2.27.so
7f4185626000-7f4185628000 rw-p 00000000 00:00 0 
7f4185628000-7f4185633000 r-xp 00000000 08:01 26612496                   /lib/x86_64-linux-gnu/libnss_nis-2.27.so
7f4185633000-7f4185832000 ---p 0000b000 08:01 26612496                   /lib/x86_64-linux-gnu/libnss_nis-2.27.so
7f4185832000-7f4185833000 r--p 0000a000 08:01 26612496                   /lib/x86_64-linux-gnu/libnss_nis-2.27.so
7f4185833000-7f4185834000 rw-p 0000b000 08:01 26612496                   /lib/x86_64-linux-gnu/libnss_nis-2.27.so
7f4185834000-7f418583c000 r-xp 00000000 08:01 26612492                   /lib/x86_64-linux-gnu/libnss_compat-2.27.so
7f418583c000-7f4185a3c000 ---p 00008000 08:01 26612492                   /lib/x86_64-linux-gnu/libnss_compat-2.27.so
7f4185a3c000-7f4185a3d000 r--p 00008000 08:01 26612492                   /lib/x86_64-linux-gnu/libnss_compat-2.27.so
7f4185a3d000-7f4185a3e000 rw-p 00009000 08:01 26612492                   /lib/x86_64-linux-gnu/libnss_compat-2.27.so
7f4185a3e000-7f4185d1c000 r--p 00000000 08:01 12714035                   /usr/lib/locale/locale-archive
7f4185d1c000-7f4185d1e000 r-xp 00000000 08:01 22548309                   /home/smit/Downloads/jdk/jre/lib/amd64/libnpt.so
7f4185d1e000-7f4185f1e000 ---p 00002000 08:01 22548309                   /home/smit/Downloads/jdk/jre/lib/amd64/libnpt.so
7f4185f1e000-7f4185f1f000 r--p 00002000 08:01 22548309                   /home/smit/Downloads/jdk/jre/lib/amd64/libnpt.so
7f4185f1f000-7f4185f20000 rw-p 00003000 08:01 22548309                   /home/smit/Downloads/jdk/jre/lib/amd64/libnpt.so
7f4185f20000-7f4185f5a000 r-xp 00000000 08:01 22548299                   /home/smit/Downloads/jdk/jre/lib/amd64/libjdwp.so
7f4185f5a000-7f4186159000 ---p 0003a000 08:01 22548299                   /home/smit/Downloads/jdk/jre/lib/amd64/libjdwp.so
7f4186159000-7f418615a000 r--p 00039000 08:01 22548299                   /home/smit/Downloads/jdk/jre/lib/amd64/libjdwp.so
7f418615a000-7f418615b000 rw-p 0003a000 08:01 22548299                   /home/smit/Downloads/jdk/jre/lib/amd64/libjdwp.so
7f418615b000-7f4186187000 r-xp 00000000 08:01 22548355                   /home/smit/Downloads/jdk/jre/lib/amd64/libjava.so
7f4186187000-7f4186387000 ---p 0002c000 08:01 22548355                   /home/smit/Downloads/jdk/jre/lib/amd64/libjava.so
7f4186387000-7f4186388000 r--p 0002c000 08:01 22548355                   /home/smit/Downloads/jdk/jre/lib/amd64/libjava.so
7f4186388000-7f418638a000 rw-p 0002d000 08:01 22548355                   /home/smit/Downloads/jdk/jre/lib/amd64/libjava.so
7f418638a000-7f4186397000 r-xp 00000000 08:01 22548338                   /home/smit/Downloads/jdk/jre/lib/amd64/libverify.so
7f4186397000-7f4186596000 ---p 0000d000 08:01 22548338                   /home/smit/Downloads/jdk/jre/lib/amd64/libverify.so
7f4186596000-7f4186598000 r--p 0000c000 08:01 22548338                   /home/smit/Downloads/jdk/jre/lib/amd64/libverify.so
7f4186598000-7f4186599000 rw-p 0000e000 08:01 22548338                   /home/smit/Downloads/jdk/jre/lib/amd64/libverify.so
7f4186599000-7f41865a0000 r-xp 00000000 08:01 26612501                   /lib/x86_64-linux-gnu/librt-2.27.so
7f41865a0000-7f418679f000 ---p 00007000 08:01 26612501                   /lib/x86_64-linux-gnu/librt-2.27.so
7f418679f000-7f41867a0000 r--p 00006000 08:01 26612501                   /lib/x86_64-linux-gnu/librt-2.27.so
7f41867a0000-7f41867a1000 rw-p 00007000 08:01 26612501                   /lib/x86_64-linux-gnu/librt-2.27.so
7f41867a1000-7f418693e000 r-xp 00000000 08:01 26612488                   /lib/x86_64-linux-gnu/libm-2.27.so
7f418693e000-7f4186b3d000 ---p 0019d000 08:01 26612488                   /lib/x86_64-linux-gnu/libm-2.27.so
7f4186b3d000-7f4186b3e000 r--p 0019c000 08:01 26612488                   /lib/x86_64-linux-gnu/libm-2.27.so
7f4186b3e000-7f4186b3f000 rw-p 0019d000 08:01 26612488                   /lib/x86_64-linux-gnu/libm-2.27.so
7f4186b3f000-7f418782f000 r-xp 00000000 08:01 22548341                   /home/smit/Downloads/jdk/jre/lib/amd64/server/libjvm.so
7f418782f000-7f4187a2e000 ---p 00cf0000 08:01 22548341                   /home/smit/Downloads/jdk/jre/lib/amd64/server/libjvm.so
7f4187a2e000-7f4187ac4000 r--p 00cef000 08:01 22548341                   /home/smit/Downloads/jdk/jre/lib/amd64/server/libjvm.so
7f4187ac4000-7f4187af5000 rw-p 00d85000 08:01 22548341                   /home/smit/Downloads/jdk/jre/lib/amd64/server/libjvm.so
7f4187af5000-7f4187b30000 rw-p 00000000 00:00 0 
7f4187b30000-7f4187d17000 r-xp 00000000 08:01 26612484                   /lib/x86_64-linux-gnu/libc-2.27.so
7f4187d17000-7f4187f17000 ---p 001e7000 08:01 26612484                   /lib/x86_64-linux-gnu/libc-2.27.so
7f4187f17000-7f4187f1b000 r--p 001e7000 08:01 26612484                   /lib/x86_64-linux-gnu/libc-2.27.so
7f4187f1b000-7f4187f1d000 rw-p 001eb000 08:01 26612484                   /lib/x86_64-linux-gnu/libc-2.27.so
7f4187f1d000-7f4187f21000 rw-p 00000000 00:00 0 
7f4187f21000-7f4187f24000 r-xp 00000000 08:01 26612487                   /lib/x86_64-linux-gnu/libdl-2.27.so
7f4187f24000-7f4188123000 ---p 00003000 08:01 26612487                   /lib/x86_64-linux-gnu/libdl-2.27.so
7f4188123000-7f4188124000 r--p 00002000 08:01 26612487                   /lib/x86_64-linux-gnu/libdl-2.27.so
7f4188124000-7f4188125000 rw-p 00003000 08:01 26612487                   /lib/x86_64-linux-gnu/libdl-2.27.so
7f4188125000-7f418813c000 r-xp 00000000 08:01 22549237                   /home/smit/Downloads/jdk/lib/amd64/jli/libjli.so
7f418813c000-7f418833b000 ---p 00017000 08:01 22549237                   /home/smit/Downloads/jdk/lib/amd64/jli/libjli.so
7f418833b000-7f418833c000 r--p 00016000 08:01 22549237                   /home/smit/Downloads/jdk/lib/amd64/jli/libjli.so
7f418833c000-7f418833d000 rw-p 00017000 08:01 22549237                   /home/smit/Downloads/jdk/lib/amd64/jli/libjli.so
7f418833d000-7f4188357000 r-xp 00000000 08:01 26612499                   /lib/x86_64-linux-gnu/libpthread-2.27.so
7f4188357000-7f4188556000 ---p 0001a000 08:01 26612499                   /lib/x86_64-linux-gnu/libpthread-2.27.so
7f4188556000-7f4188557000 r--p 00019000 08:01 26612499                   /lib/x86_64-linux-gnu/libpthread-2.27.so
7f4188557000-7f4188558000 rw-p 0001a000 08:01 26612499                   /lib/x86_64-linux-gnu/libpthread-2.27.so
7f4188558000-7f418855c000 rw-p 00000000 00:00 0 
7f418855c000-7f4188585000 r-xp 00000000 08:01 26607640                   /lib/x86_64-linux-gnu/ld-2.27.so
7f4188587000-7f4188588000 r--s 00000000 08:01 22548254                   /home/smit/Downloads/jdk/jre/lib/management-agent.jar
7f4188588000-7f418858a000 r--s 00007000 08:01 22548289                   /home/smit/Downloads/jdk/jre/lib/jfxswt.jar
7f418858a000-7f4188669000 rw-p 00000000 00:00 0 
7f4188669000-7f418866a000 ---p 00000000 00:00 0 
7f418866a000-7f418866d000 ---p 00000000 00:00 0 
7f418866d000-7f418876c000 rw-p 00000000 00:00 0 
7f418876c000-7f4188771000 r--s 00087000 08:01 22548224                   /home/smit/Downloads/jdk/jre/lib/jfr.jar
7f4188771000-7f4188774000 r--s 0001a000 08:01 22548291                   /home/smit/Downloads/jdk/jre/lib/jce.jar
7f4188774000-7f4188779000 r--s 002f9000 08:01 22548199                   /home/smit/Downloads/jdk/jre/lib/charsets.jar
7f4188779000-7f4188781000 rw-s 00000000 08:01 31065960                   /tmp/hsperfdata_smit/16487
7f4188781000-7f4188782000 rw-p 00000000 00:00 0 
7f4188782000-7f4188783000 ---p 00000000 00:00 0 
7f4188783000-7f4188785000 rw-p 00000000 00:00 0 
7f4188785000-7f4188786000 r--p 00029000 08:01 26607640                   /lib/x86_64-linux-gnu/ld-2.27.so
7f4188786000-7f4188787000 rw-p 0002a000 08:01 26607640                   /lib/x86_64-linux-gnu/ld-2.27.so
7f4188787000-7f4188788000 rw-p 00000000 00:00 0 
7ffe0a23f000-7ffe0a260000 rw-p 00000000 00:00 0                          [stack]
7ffe0a376000-7ffe0a379000 r--p 00000000 00:00 0                          [vvar]
7ffe0a379000-7ffe0a37b000 r-xp 00000000 00:00 0                          [vdso]
ffffffffff600000-ffffffffff601000 r-xp 00000000 00:00 0                  [vsyscall]

VM Arguments:
jvm_args: -agentlib:jdwp=transport=dt_socket,address=127.0.0.1:38927,suspend=y,server=n -Dfile.encoding=UTF-8 
java_command: LearnTrees.TreeMain
java_class_path (initial): /home/smit/Downloads/jdk/jre/lib/charsets.jar:/home/smit/Downloads/jdk/jre/lib/deploy.jar:/home/smit/Downloads/jdk/jre/lib/ext/cldrdata.jar:/home/smit/Downloads/jdk/jre/lib/ext/dnsns.jar:/home/smit/Downloads/jdk/jre/lib/ext/jaccess.jar:/home/smit/Downloads/jdk/jre/lib/ext/jfxrt.jar:/home/smit/Downloads/jdk/jre/lib/ext/localedata.jar:/home/smit/Downloads/jdk/jre/lib/ext/nashorn.jar:/home/smit/Downloads/jdk/jre/lib/ext/sunec.jar:/home/smit/Downloads/jdk/jre/lib/ext/sunjce_provider.jar:/home/smit/Downloads/jdk/jre/lib/ext/sunpkcs11.jar:/home/smit/Downloads/jdk/jre/lib/ext/zipfs.jar:/home/smit/Downloads/jdk/jre/lib/javaws.jar:/home/smit/Downloads/jdk/jre/lib/jce.jar:/home/smit/Downloads/jdk/jre/lib/jfr.jar:/home/smit/Downloads/jdk/jre/lib/jfxswt.jar:/home/smit/Downloads/jdk/jre/lib/jsse.jar:/home/smit/Downloads/jdk/jre/lib/management-agent.jar:/home/smit/Downloads/jdk/jre/lib/plugin.jar:/home/smit/Downloads/jdk/jre/lib/resources.jar:/home/smit/Downloads/jdk/jre/lib/rt.jar:/home/smit/IdeaProjects/Data Structure/target/classes:/home/smit/Downloads/Intellij Idea/idea-IU-171.4694.73/lib/idea_rt.jar
Launcher Type: SUN_STANDARD

Environment Variables:
PATH=/usr/local/sbin:/usr/local/bin:/usr/sbin:/usr/bin:/sbin:/bin:/usr/games:/usr/local/games:/snap/bin
LD_LIBRARY_PATH=/home/smit/Downloads/Intellij Idea/idea-IU-171.4694.73/bin:
SHELL=/bin/bash
DISPLAY=:0

Signal Handlers:
SIGSEGV: [libjvm.so+0xada700], sa_mask[0]=11111111011111111101111111111110, sa_flags=SA_RESTART|SA_SIGINFO
SIGBUS: [libjvm.so+0xada700], sa_mask[0]=11111111011111111101111111111110, sa_flags=SA_RESTART|SA_SIGINFO
SIGFPE: [libjvm.so+0x90e240], sa_mask[0]=11111111011111111101111111111110, sa_flags=SA_RESTART|SA_SIGINFO
SIGPIPE: [libjvm.so+0x90e240], sa_mask[0]=11111111011111111101111111111110, sa_flags=SA_RESTART|SA_SIGINFO
SIGXFSZ: [libjvm.so+0x90e240], sa_mask[0]=11111111011111111101111111111110, sa_flags=SA_RESTART|SA_SIGINFO
SIGILL: [libjvm.so+0x90e240], sa_mask[0]=11111111011111111101111111111110, sa_flags=SA_RESTART|SA_SIGINFO
SIGUSR1: SIG_DFL, sa_mask[0]=00000000000000000000000000000000, sa_flags=none
SIGUSR2: [libjvm.so+0x90e110], sa_mask[0]=00100000000000000000000000000000, sa_flags=SA_RESTART|SA_SIGINFO
SIGHUP: [libjvm.so+0x90e730], sa_mask[0]=11111111011111111101111111111110, sa_flags=SA_RESTART|SA_SIGINFO
SIGINT: [libjvm.so+0x90e730], sa_mask[0]=11111111011111111101111111111110, sa_flags=SA_RESTART|SA_SIGINFO
SIGTERM: [libjvm.so+0x90e730], sa_mask[0]=11111111011111111101111111111110, sa_flags=SA_RESTART|SA_SIGINFO
SIGQUIT: [libjvm.so+0x90e730], sa_mask[0]=11111111011111111101111111111110, sa_flags=SA_RESTART|SA_SIGINFO


---------------  S Y S T E M  ---------------

OS:DISTRIB_ID=LinuxMint
DISTRIB_RELEASE=19.1
DISTRIB_CODENAME=tessa
DISTRIB_DESCRIPTION="Linux Mint 19.1 Tessa"

uname:Linux 4.15.0-20-generic #21-Ubuntu SMP Tue Apr 24 06:16:15 UTC 2018 x86_64
libc:glibc 2.27 NPTL 2.27 
rlimit: STACK 8192k, CORE 0k, NPROC 47289, NOFILE 1048576, AS infinity
load average:19.38 7.67 4.03

/proc/meminfo:
MemTotal:       12169088 kB
MemFree:          135996 kB
MemAvailable:      45212 kB
Buffers:            1472 kB
Cached:           413628 kB
SwapCached:         5868 kB
Active:         10652012 kB
Inactive:        1106408 kB
Active(anon):   10619512 kB
Inactive(anon):  1062612 kB
Active(file):      32500 kB
Inactive(file):    43796 kB
Unevictable:          64 kB
Mlocked:              64 kB
SwapTotal:       2097148 kB
SwapFree:          93424 kB
Dirty:              2168 kB
Writeback:             0 kB
AnonPages:      11338620 kB
Mapped:           294664 kB
Shmem:            338404 kB
Slab:             115136 kB
SReclaimable:      50344 kB
SUnreclaim:        64792 kB
KernelStack:       13280 kB
PageTables:        73412 kB
NFS_Unstable:          0 kB
Bounce:                0 kB
WritebackTmp:          0 kB
CommitLimit:     8181692 kB
Committed_AS:   20968200 kB
VmallocTotal:   34359738367 kB
VmallocUsed:           0 kB
VmallocChunk:          0 kB
HardwareCorrupted:     0 kB
AnonHugePages:         0 kB
ShmemHugePages:        0 kB
ShmemPmdMapped:        0 kB
CmaTotal:              0 kB
CmaFree:               0 kB
HugePages_Total:       0
HugePages_Free:        0
HugePages_Rsvd:        0
HugePages_Surp:        0
Hugepagesize:       2048 kB
DirectMap4k:      249344 kB
DirectMap2M:    10108928 kB
DirectMap1G:     3145728 kB

container (cgroup) information:
container_type: cgroupv1
cpu_cpuset_cpus: 0-3
cpu_memory_nodes: 0
active_processor_count: 4
cpu_quota: -1
cpu_period: 100000
cpu_shares: -1
memory_limit_in_bytes: -1
memory_and_swap_limit_in_bytes: -2
memory_soft_limit_in_bytes: -1
memory_usage_in_bytes: 12037910528
memory_max_usage_in_bytes: 0


CPU:total 4 (initial active 4) (2 cores per cpu, 2 threads per core) family 6 model 61 stepping 4, cmov, cx8, fxsr, mmx, sse, sse2, sse3, ssse3, sse4.1, sse4.2, popcnt, avx, avx2, aes, clmul, erms, rtm, 3dnowpref, lzcnt, ht, tsc, tscinvbit, bmi1, bmi2, adx

/proc/cpuinfo:
processor	: 0
vendor_id	: GenuineIntel
cpu family	: 6
model		: 61
model name	: Intel(R) Core(TM) i7-5600U CPU @ 2.60GHz
stepping	: 4
microcode	: 0x2a
cpu MHz		: 2959.720
cache size	: 4096 KB
physical id	: 0
siblings	: 4
core id		: 0
cpu cores	: 2
apicid		: 0
initial apicid	: 0
fpu		: yes
fpu_exception	: yes
cpuid level	: 20
wp		: yes
flags		: fpu vme de pse tsc msr pae mce cx8 apic sep mtrr pge mca cmov pat pse36 clflush dts acpi mmx fxsr sse sse2 ss ht tm pbe syscall nx pdpe1gb rdtscp lm constant_tsc arch_perfmon pebs bts rep_good nopl xtopology nonstop_tsc cpuid aperfmperf pni pclmulqdq dtes64 monitor ds_cpl vmx smx est tm2 ssse3 sdbg fma cx16 xtpr pdcm pcid sse4_1 sse4_2 x2apic movbe popcnt tsc_deadline_timer aes xsave avx f16c rdrand lahf_lm abm 3dnowprefetch cpuid_fault epb invpcid_single pti tpr_shadow vnmi flexpriority ept vpid fsgsbase tsc_adjust bmi1 hle avx2 smep bmi2 erms invpcid rtm rdseed adx smap intel_pt xsaveopt ibpb ibrs stibp dtherm ida arat pln pts
bugs		: cpu_meltdown spectre_v1 spectre_v2
bogomips	: 5188.06
clflush size	: 64
cache_alignment	: 64
address sizes	: 39 bits physical, 48 bits virtual
power management:

processor	: 1
vendor_id	: GenuineIntel
cpu family	: 6
model		: 61
model name	: Intel(R) Core(TM) i7-5600U CPU @ 2.60GHz
stepping	: 4
microcode	: 0x2a
cpu MHz		: 2959.993
cache size	: 4096 KB
physical id	: 0
siblings	: 4
core id		: 0
cpu cores	: 3
apicid		: 1
initial apicid	: 1
fpu		: yes
fpu_exception	: yes
cpuid level	: 20
wp		: yes
flags		: fpu vme de pse tsc msr pae mce cx8 apic sep mtrr pge mca cmov pat pse36 clflush dts acpi mmx fxsr sse sse2 ss ht tm pbe syscall nx pdpe1gb rdtscp lm constant_tsc arch_perfmon pebs bts rep_good nopl xtopology nonstop_tsc cpuid aperfmperf pni pclmulqdq dtes64 monitor ds_cpl vmx smx est tm2 ssse3 sdbg fma cx16 xtpr pdcm pcid sse4_1 sse4_2 x2apic movbe popcnt tsc_deadline_timer aes xsave avx f16c rdrand lahf_lm abm 3dnowprefetch cpuid_fault epb invpcid_single pti tpr_shadow vnmi flexpriority ept vpid fsgsbase tsc_adjust bmi1 hle avx2 smep bmi2 erms invpcid rtm rdseed adx smap intel_pt xsaveopt ibpb ibrs stibp dtherm ida arat pln pts
bugs		: cpu_meltdown spectre_v1 spectre_v2
bogomips	: 5188.06
clflush size	: 64
cache_alignment	: 64
address sizes	: 39 bits physical, 48 bits virtual
power management:

processor	: 2
vendor_id	: GenuineIntel
cpu family	: 6
model		: 61
model name	: Intel(R) Core(TM) i7-5600U CPU @ 2.60GHz
stepping	: 4
microcode	: 0x2a
cpu MHz		: 2960.226
cache size	: 4096 KB
physical id	: 0
siblings	: 4
core id		: 1
cpu cores	: 4
apicid		: 2
initial apicid	: 2
fpu		: yes
fpu_exception	: yes
cpuid level	: 20
wp		: yes
flags		: fpu vme de pse tsc msr pae mce cx8 apic sep mtrr pge mca cmov pat pse36 clflush dts acpi mmx fxsr sse sse2 ss ht tm pbe syscall nx pdpe1gb rdtscp lm constant_tsc arch_perfmon pebs bts rep_good nopl xtopology nonstop_tsc cpuid aperfmperf pni pclmulqdq dtes64 monitor ds_cpl vmx smx est tm2 ssse3 sdbg fma cx16 xtpr pdcm pcid sse4_1 sse4_2 x2apic movbe popcnt tsc_deadline_timer aes xsave avx f16c rdrand lahf_lm abm 3dnowprefetch cpuid_fault epb invpcid_single pti tpr_shadow vnmi flexpriority ept vpid fsgsbase tsc_adjust bmi1 hle avx2 smep bmi2 erms invpcid rtm rdseed adx smap intel_pt xsaveopt ibpb ibrs stibp dtherm ida arat pln pts
bugs		: cpu_meltdown spectre_v1 spectre_v2
bogomips	: 5188.06
clflush size	: 64
cache_alignment	: 64
address sizes	: 39 bits physical, 48 bits virtual
power management:

processor	: 3
vendor_id	: GenuineIntel
cpu family	: 6
model		: 61
model name	: Intel(R) Core(TM) i7-5600U CPU @ 2.60GHz
stepping	: 4
microcode	: 0x2a
cpu MHz		: 2960.472
cache size	: 4096 KB
physical id	: 0
siblings	: 4
core id		: 1
cpu cores	: 1
apicid		: 3
initial apicid	: 3
fpu		: yes
fpu_exception	: yes
cpuid level	: 20
wp		: yes
flags		: fpu vme de pse tsc msr pae mce cx8 apic sep mtrr pge mca cmov pat pse36 clflush dts acpi mmx fxsr sse sse2 ss ht tm pbe syscall nx pdpe1gb rdtscp lm constant_tsc arch_perfmon pebs bts rep_good nopl xtopology nonstop_tsc cpuid aperfmperf pni pclmulqdq dtes64 monitor ds_cpl vmx smx est tm2 ssse3 sdbg fma cx16 xtpr pdcm pcid sse4_1 sse4_2 x2apic movbe popcnt tsc_deadline_timer aes xsave avx f16c rdrand lahf_lm abm 3dnowprefetch cpuid_fault epb invpcid_single pti tpr_shadow vnmi flexpriority ept vpid fsgsbase tsc_adjust bmi1 hle avx2 smep bmi2 erms invpcid rtm rdseed adx smap intel_pt xsaveopt ibpb ibrs stibp dtherm ida arat pln pts
bugs		: cpu_meltdown spectre_v1 spectre_v2
bogomips	: 5188.06
clflush size	: 64
cache_alignment	: 64
address sizes	: 39 bits physical, 48 bits virtual
power management:



Memory: 4k page, physical 12169088k(143596k free), swap 2097148k(93680k free)

vm_info: Java HotSpot(TM) 64-Bit Server VM (25.251-b08) for linux-amd64 JRE (1.8.0_251-b08), built on Mar 11 2020 23:20:16 by "java_re" with gcc 7.3.0

time: Mon Sep 20 15:08:17 2021
timezone: IST
elapsed time: 46 seconds (0d 0h 0m 46s)

